c:\users\a0503554\documents\github\sphannote\sphannote\x64\release\sphannote.pch
c:\users\a0503554\documents\github\sphannote\sphannote\x64\release\vc143.pdb
c:\users\a0503554\documents\github\sphannote\sphannote\x64\release\pch.obj
c:\users\a0503554\documents\github\sphannote\sphannote\x64\release\sphannotedlg.obj
c:\users\a0503554\documents\github\sphannote\sphannote\x64\release\sphannote.obj
c:\users\a0503554\documents\github\sphannote\sphannote\x64\release\ceqstnotedlg.obj
c:\users\a0503554\documents\github\sphannote\x64\release\sphannote.exe
c:\users\a0503554\documents\github\sphannote\sphannote\x64\release\sphannote.ipdb
c:\users\a0503554\documents\github\sphannote\x64\release\sphannote.pdb
c:\users\a0503554\documents\github\sphannote\sphannote\x64\release\sphannote.iobj
c:\users\a0503554\documents\github\sphannote\sphannote\x64\release\sphannote.res
c:\users\a0503554\documents\github\sphannote\x64\release\libcurl.dll
c:\users\a0503554\documents\github\sphannote\x64\release\zlib1.dll
c:\users\a0503554\documents\github\sphannote\sphannote\x64\release\sphannote.tlog\cl.command.1.tlog
c:\users\a0503554\documents\github\sphannote\sphannote\x64\release\sphannote.tlog\cl.read.1.tlog
c:\users\a0503554\documents\github\sphannote\sphannote\x64\release\sphannote.tlog\cl.write.1.tlog
c:\users\a0503554\documents\github\sphannote\sphannote\x64\release\sphannote.tlog\link.command.1.tlog
c:\users\a0503554\documents\github\sphannote\sphannote\x64\release\sphannote.tlog\link.read.1.tlog
c:\users\a0503554\documents\github\sphannote\sphannote\x64\release\sphannote.tlog\link.write.1.tlog
c:\users\a0503554\documents\github\sphannote\sphannote\x64\release\sphannote.tlog\rc.command.1.tlog
c:\users\a0503554\documents\github\sphannote\sphannote\x64\release\sphannote.tlog\rc.read.1.tlog
c:\users\a0503554\documents\github\sphannote\sphannote\x64\release\sphannote.tlog\rc.write.1.tlog
c:\users\a0503554\documents\github\sphannote\sphannote\x64\release\sphannote.tlog\sphannote.write.1u.tlog
