c:\users\a0503554\documents\github\sphannote\sphannote\x64\debug\sphannote.pch
c:\users\a0503554\documents\github\sphannote\sphannote\x64\debug\vc143.pdb
c:\users\a0503554\documents\github\sphannote\sphannote\x64\debug\vc143.idb
c:\users\a0503554\documents\github\sphannote\sphannote\x64\debug\pch.obj
c:\users\a0503554\documents\github\sphannote\sphannote\x64\debug\sphannotedlg.obj
c:\users\a0503554\documents\github\sphannote\sphannote\x64\debug\sphannote.obj
c:\users\a0503554\documents\github\sphannote\sphannote\x64\debug\eqstlicense.obj
c:\users\a0503554\documents\github\sphannote\sphannote\x64\debug\ceqstnotedlg.obj
c:\users\a0503554\documents\github\sphannote\sphannote\x64\debug\aes256.obj
c:\users\a0503554\documents\github\sphannote\sphannote\x64\debug\sphannote.ilk
c:\users\a0503554\documents\github\sphannote\x64\debug\sphannote.exe
c:\users\a0503554\documents\github\sphannote\x64\debug\sphannote.pdb
c:\users\a0503554\documents\github\sphannote\sphannote\x64\debug\sphannote.res
c:\users\a0503554\documents\github\sphannote\x64\debug\libcurl-d.dll
c:\users\a0503554\documents\github\sphannote\x64\debug\zlibd1.dll
c:\users\a0503554\documents\github\sphannote\sphannote\x64\debug\sphannote.tlog\cl.command.1.tlog
c:\users\a0503554\documents\github\sphannote\sphannote\x64\debug\sphannote.tlog\cl.read.1.tlog
c:\users\a0503554\documents\github\sphannote\sphannote\x64\debug\sphannote.tlog\cl.write.1.tlog
c:\users\a0503554\documents\github\sphannote\sphannote\x64\debug\sphannote.tlog\link.command.1.tlog
c:\users\a0503554\documents\github\sphannote\sphannote\x64\debug\sphannote.tlog\link.read.1.tlog
c:\users\a0503554\documents\github\sphannote\sphannote\x64\debug\sphannote.tlog\link.write.1.tlog
c:\users\a0503554\documents\github\sphannote\sphannote\x64\debug\sphannote.tlog\rc.command.1.tlog
c:\users\a0503554\documents\github\sphannote\sphannote\x64\debug\sphannote.tlog\rc.read.1.tlog
c:\users\a0503554\documents\github\sphannote\sphannote\x64\debug\sphannote.tlog\rc.write.1.tlog
c:\users\a0503554\documents\github\sphannote\sphannote\x64\debug\sphannote.tlog\sphannote.write.1u.tlog
